<?xml version="1.0" encoding="UTF-8"?>
<!-- Generated by org.testng.reporters.JUnitXMLReporter -->
<testsuite hostname="donalds-mbp" name="AndroidTest" tests="5" failures="0" timestamp="21 Feb 2018 20:44:24 GMT" time="206.912" errors="0">
  <testcase name="validSearch" time="17.223" classname="searchPageTests.TC001_Valid_Search"/>
  <testcase name="Invalid" time="16.016" classname="searchPageTests.TC002_invalid_Search"/>
  <testcase name="searchTeam" time="17.274" classname="searchPageTests.TC003_Search_Team"/>
  <testcase name="searchPlayer" time="17.83" classname="searchPageTests.TC004_Search_Player"/>
  <testcase name="Search_Competition" time="17.223" classname="searchPageTests.TC005_Search_Competition"/>
</testsuite> <!-- AndroidTest -->
