<?xml version="1.0" encoding="UTF-8"?>
<!-- Generated by org.testng.reporters.JUnitXMLReporter -->
<testsuite hostname="donalds-mbp" name="ChromeTest" tests="5" failures="0" timestamp="21 Feb 2018 18:26:58 GMT" time="250.987" errors="0">
  <testcase name="validSearch" time="35.298" classname="searchPageTests.TC001_Valid_Search"/>
  <testcase name="Invalid" time="16.649" classname="searchPageTests.TC002_invalid_Search"/>
  <testcase name="searchTeam" time="17.049" classname="searchPageTests.TC003_Search_Team"/>
  <testcase name="searchPlayer" time="20.61" classname="searchPageTests.TC004_Search_Player"/>
  <testcase name="Search_Competition" time="16.787" classname="searchPageTests.TC005_Search_Competition"/>
</testsuite> <!-- ChromeTest -->
